2024-11-23 03:29:19.696 +04 [16572] РћРЁРР‘РљРђ:  Р·РЅР°С‡РµРЅРёРµ NULL РІ СЃС‚РѕР»Р±С†Рµ "item_id" РѕС‚РЅРѕС€РµРЅРёСЏ "cart" РЅР°СЂСѓС€Р°РµС‚ РѕРіСЂР°РЅРёС‡РµРЅРёРµ NOT NULL
2024-11-23 03:29:19.696 +04 [16572] РџРћР”Р РћР‘РќРћРЎРўР:  РћС€РёР±РѕС‡РЅР°СЏ СЃС‚СЂРѕРєР° СЃРѕРґРµСЂР¶РёС‚ (1, 1, 1337124773, null, 2024-11-23 03:29:19.690847, 2024-11-23 03:29:19.690847).
2024-11-23 03:29:19.696 +04 [16572] РћРџР•Р РђРўРћР :  INSERT INTO cart (quantity, user_id, item_id, created, updated) VALUES ($1::INTEGER, $2::INTEGER, $3::INTEGER, now(), now()) RETURNING cart.id, cart.created, cart.updated
2024-11-23 03:30:16.613 +04 [2196] РћРЁРР‘РљРђ:  Р·РЅР°С‡РµРЅРёРµ NULL РІ СЃС‚РѕР»Р±С†Рµ "item_id" РѕС‚РЅРѕС€РµРЅРёСЏ "cart" РЅР°СЂСѓС€Р°РµС‚ РѕРіСЂР°РЅРёС‡РµРЅРёРµ NOT NULL
2024-11-23 03:30:16.613 +04 [2196] РџРћР”Р РћР‘РќРћРЎРўР:  РћС€РёР±РѕС‡РЅР°СЏ СЃС‚СЂРѕРєР° СЃРѕРґРµСЂР¶РёС‚ (2, 1, 1337124773, null, 2024-11-23 03:30:16.606233, 2024-11-23 03:30:16.606233).
2024-11-23 03:30:16.613 +04 [2196] РћРџР•Р РђРўРћР :  INSERT INTO cart (quantity, user_id, item_id, created, updated) VALUES ($1::INTEGER, $2::INTEGER, $3::INTEGER, now(), now()) RETURNING cart.id, cart.created, cart.updated
2024-11-23 03:33:19.322 +04 [14416] СООБЩЕНИЕ:  начата контрольная точка: time
2024-11-23 03:33:20.231 +04 [14416] СООБЩЕНИЕ:  контрольная точка завершена: записано буферов: 9 (0.1%); добавлено файлов WAL 0, удалено: 0, переработано: 0; запись=0.891 сек., синхр.=0.008 сек., всего=0.910 сек.; синхронизировано_файлов=8, самая_долгая_синхр.=0.002 сек., средняя=0.001 сек.; расстояние=0 kB, ожидалось=116 kB; lsn=0/1D44AC0, lsn redo=0/1D44A68
2024-11-23 03:34:11.596 +04 [2196] РћРЁРР‘РљРђ:  Р·РЅР°С‡РµРЅРёРµ NULL РІ СЃС‚РѕР»Р±С†Рµ "item_id" РѕС‚РЅРѕС€РµРЅРёСЏ "cart" РЅР°СЂСѓС€Р°РµС‚ РѕРіСЂР°РЅРёС‡РµРЅРёРµ NOT NULL
2024-11-23 03:34:11.596 +04 [2196] РџРћР”Р РћР‘РќРћРЎРўР:  РћС€РёР±РѕС‡РЅР°СЏ СЃС‚СЂРѕРєР° СЃРѕРґРµСЂР¶РёС‚ (3, 1, 1337124773, null, 2024-11-23 03:34:11.59475, 2024-11-23 03:34:11.59475).
2024-11-23 03:34:11.596 +04 [2196] РћРџР•Р РђРўРћР :  INSERT INTO cart (quantity, user_id, item_id, created, updated) VALUES ($1::INTEGER, $2::INTEGER, $3::INTEGER, now(), now()) RETURNING cart.id, cart.created, cart.updated
2024-11-23 03:38:19.241 +04 [14416] СООБЩЕНИЕ:  начата контрольная точка: time
2024-11-23 03:38:19.356 +04 [14416] СООБЩЕНИЕ:  контрольная точка завершена: записано буферов: 2 (0.0%); добавлено файлов WAL 0, удалено: 0, переработано: 0; запись=0.104 сек., синхр.=0.003 сек., всего=0.115 сек.; синхронизировано_файлов=2, самая_долгая_синхр.=0.002 сек., средняя=0.002 сек.; расстояние=0 kB, ожидалось=104 kB; lsn=0/1D44C90, lsn redo=0/1D44C38
2024-11-23 03:39:01.409 +04 [9700] РћРЁРР‘РљРђ:  INSERT РёР»Рё UPDATE РІ С‚Р°Р±Р»РёС†Рµ "cart" РЅР°СЂСѓС€Р°РµС‚ РѕРіСЂР°РЅРёС‡РµРЅРёРµ РІРЅРµС€РЅРµРіРѕ РєР»СЋС‡Р° "cart_user_id_fkey"
2024-11-23 03:39:01.409 +04 [9700] РџРћР”Р РћР‘РќРћРЎРўР:  РљР»СЋС‡ (user_id)=(1337124773) РѕС‚СЃСѓС‚СЃС‚РІСѓРµС‚ РІ С‚Р°Р±Р»РёС†Рµ "users".
2024-11-23 03:39:01.409 +04 [9700] РћРџР•Р РђРўРћР :  INSERT INTO cart (quantity, user_id, item_id, created, updated) VALUES ($1::INTEGER, $2::INTEGER, $3::INTEGER, now(), now()) RETURNING cart.id, cart.created, cart.updated
2024-11-23 03:43:19.365 +04 [14416] СООБЩЕНИЕ:  начата контрольная точка: time
2024-11-23 03:43:19.930 +04 [14416] СООБЩЕНИЕ:  контрольная точка завершена: записано буферов: 6 (0.0%); добавлено файлов WAL 0, удалено: 0, переработано: 0; запись=0.545 сек., синхр.=0.009 сек., всего=0.566 сек.; синхронизировано_файлов=5, самая_долгая_синхр.=0.005 сек., средняя=0.002 сек.; расстояние=0 kB, ожидалось=94 kB; lsn=0/1D44F90, lsn redo=0/1D44F38
2024-11-23 03:45:24.680 +04 [15584] РћРЁРР‘РљРђ:  РІ С†РµР»РµРІРѕР№ РІРЅРµС€РЅРµР№ С‚Р°Р±Р»РёС†Рµ "users" РЅРµС‚ РѕРіСЂР°РЅРёС‡РµРЅРёСЏ СѓРЅРёРєР°Р»СЊРЅРѕСЃС‚Рё, СЃРѕРѕС‚РІРµС‚СЃС‚РІСѓСЋС‰РµРіРѕ РґР°РЅРЅС‹Рј РєР»СЋС‡Р°Рј
2024-11-23 03:45:24.680 +04 [15584] РћРџР•Р РђРўРћР :  
	CREATE TABLE cart (
		id SERIAL NOT NULL, 
		quantity INTEGER NOT NULL, 
		user_id BIGINT NOT NULL, 
		item_id INTEGER NOT NULL, 
		created TIMESTAMP WITHOUT TIME ZONE NOT NULL, 
		updated TIMESTAMP WITHOUT TIME ZONE NOT NULL, 
		PRIMARY KEY (id), 
		FOREIGN KEY(user_id) REFERENCES users (tg_id) ON DELETE CASCADE, 
		FOREIGN KEY(item_id) REFERENCES items (id) ON DELETE CASCADE
	)
	
	
2024-11-23 03:45:35.996 +04 [17676] РћРЁРР‘РљРђ:  РІ С†РµР»РµРІРѕР№ РІРЅРµС€РЅРµР№ С‚Р°Р±Р»РёС†Рµ "users" РЅРµС‚ РѕРіСЂР°РЅРёС‡РµРЅРёСЏ СѓРЅРёРєР°Р»СЊРЅРѕСЃС‚Рё, СЃРѕРѕС‚РІРµС‚СЃС‚РІСѓСЋС‰РµРіРѕ РґР°РЅРЅС‹Рј РєР»СЋС‡Р°Рј
2024-11-23 03:45:35.996 +04 [17676] РћРџР•Р РђРўРћР :  
	CREATE TABLE cart (
		id SERIAL NOT NULL, 
		quantity INTEGER NOT NULL, 
		user_id BIGINT NOT NULL, 
		item_id INTEGER NOT NULL, 
		created TIMESTAMP WITHOUT TIME ZONE NOT NULL, 
		updated TIMESTAMP WITHOUT TIME ZONE NOT NULL, 
		PRIMARY KEY (id), 
		FOREIGN KEY(user_id) REFERENCES users (tg_id) ON DELETE CASCADE, 
		FOREIGN KEY(item_id) REFERENCES items (id) ON DELETE CASCADE
	)
	
	
2024-11-23 03:48:01.512 +04 [8436] РћРЁРР‘РљРђ:  РІ С†РµР»РµРІРѕР№ РІРЅРµС€РЅРµР№ С‚Р°Р±Р»РёС†Рµ "users" РЅРµС‚ РѕРіСЂР°РЅРёС‡РµРЅРёСЏ СѓРЅРёРєР°Р»СЊРЅРѕСЃС‚Рё, СЃРѕРѕС‚РІРµС‚СЃС‚РІСѓСЋС‰РµРіРѕ РґР°РЅРЅС‹Рј РєР»СЋС‡Р°Рј
2024-11-23 03:48:01.512 +04 [8436] РћРџР•Р РђРўРћР :  
	CREATE TABLE cart (
		id SERIAL NOT NULL, 
		quantity INTEGER NOT NULL, 
		user_id BIGINT NOT NULL, 
		item_id INTEGER NOT NULL, 
		created TIMESTAMP WITHOUT TIME ZONE NOT NULL, 
		updated TIMESTAMP WITHOUT TIME ZONE NOT NULL, 
		PRIMARY KEY (id), 
		FOREIGN KEY(user_id) REFERENCES users (tg_id) ON DELETE CASCADE, 
		FOREIGN KEY(item_id) REFERENCES items (id) ON DELETE CASCADE
	)
	
	
2024-11-23 03:48:19.940 +04 [14416] СООБЩЕНИЕ:  начата контрольная точка: time
2024-11-23 03:48:30.908 +04 [14416] СООБЩЕНИЕ:  контрольная точка завершена: записано буферов: 100 (0.6%); добавлено файлов WAL 0, удалено: 0, переработано: 0; запись=10.901 сек., синхр.=0.054 сек., всего=10.969 сек.; синхронизировано_файлов=109, самая_долгая_синхр.=0.002 сек., средняя=0.001 сек.; расстояние=640 kB, ожидалось=640 kB; lsn=0/1DE5110, lsn redo=0/1DE5080
2024-11-23 03:53:19.921 +04 [14416] СООБЩЕНИЕ:  начата контрольная точка: time
2024-11-23 03:53:28.224 +04 [14416] СООБЩЕНИЕ:  контрольная точка завершена: записано буферов: 76 (0.5%); добавлено файлов WAL 0, удалено: 0, переработано: 0; запись=8.243 сек., синхр.=0.053 сек., всего=8.303 сек.; синхронизировано_файлов=65, самая_долгая_синхр.=0.002 сек., средняя=0.001 сек.; расстояние=261 kB, ожидалось=602 kB; lsn=0/1E265B8, lsn redo=0/1E26528
2024-11-23 03:54:57.922 +04 [18368] РЎРћРћР‘Р©Р•РќРР•:  РЅРµ СѓРґР°Р»РѕСЃСЊ РїРѕР»СѓС‡РёС‚СЊ РґР°РЅРЅС‹Рµ РѕС‚ РєР»РёРµРЅС‚Р°: An existing connection was forcibly closed by the remote host.
	
2024-11-23 03:54:57.922 +04 [7236] РЎРћРћР‘Р©Р•РќРР•:  РЅРµ СѓРґР°Р»РѕСЃСЊ РїРѕР»СѓС‡РёС‚СЊ РґР°РЅРЅС‹Рµ РѕС‚ РєР»РёРµРЅС‚Р°: An existing connection was forcibly closed by the remote host.
	
2024-11-23 12:57:27.739 +04 [14416] СООБЩЕНИЕ:  начата контрольная точка: time
2024-11-23 12:57:44.435 +04 [14416] СООБЩЕНИЕ:  контрольная точка завершена: записано буферов: 153 (0.9%); добавлено файлов WAL 0, удалено: 0, переработано: 0; запись=16.624 сек., синхр.=0.060 сек., всего=16.697 сек.; синхронизировано_файлов=96, самая_долгая_синхр.=0.002 сек., средняя=0.001 сек.; расстояние=845 kB, ожидалось=845 kB; lsn=0/1EF9D48, lsn redo=0/1EF9CB8
2024-11-23 17:26:52.674 +04 [6024] РћРЁРР‘РљРђ:  РІ С†РµР»РµРІРѕР№ РІРЅРµС€РЅРµР№ С‚Р°Р±Р»РёС†Рµ "users" РЅРµС‚ РѕРіСЂР°РЅРёС‡РµРЅРёСЏ СѓРЅРёРєР°Р»СЊРЅРѕСЃС‚Рё, СЃРѕРѕС‚РІРµС‚СЃС‚РІСѓСЋС‰РµРіРѕ РґР°РЅРЅС‹Рј РєР»СЋС‡Р°Рј
2024-11-23 17:26:52.674 +04 [6024] РћРџР•Р РђРўРћР :  
	CREATE TABLE cart (
		id SERIAL NOT NULL, 
		quantity INTEGER NOT NULL, 
		user_id BIGINT NOT NULL, 
		item_id INTEGER NOT NULL, 
		created TIMESTAMP WITHOUT TIME ZONE NOT NULL, 
		updated TIMESTAMP WITHOUT TIME ZONE NOT NULL, 
		PRIMARY KEY (id), 
		FOREIGN KEY(user_id) REFERENCES users (tg_id) ON DELETE CASCADE, 
		FOREIGN KEY(item_id) REFERENCES items (id) ON DELETE CASCADE
	)
	
	
2024-11-23 17:27:07.726 +04 [3216] РћРЁРР‘РљРђ:  РІ С†РµР»РµРІРѕР№ РІРЅРµС€РЅРµР№ С‚Р°Р±Р»РёС†Рµ "users" РЅРµС‚ РѕРіСЂР°РЅРёС‡РµРЅРёСЏ СѓРЅРёРєР°Р»СЊРЅРѕСЃС‚Рё, СЃРѕРѕС‚РІРµС‚СЃС‚РІСѓСЋС‰РµРіРѕ РґР°РЅРЅС‹Рј РєР»СЋС‡Р°Рј
2024-11-23 17:27:07.726 +04 [3216] РћРџР•Р РђРўРћР :  
	CREATE TABLE cart (
		id SERIAL NOT NULL, 
		quantity INTEGER NOT NULL, 
		user_id BIGINT NOT NULL, 
		item_id INTEGER NOT NULL, 
		created TIMESTAMP WITHOUT TIME ZONE NOT NULL, 
		updated TIMESTAMP WITHOUT TIME ZONE NOT NULL, 
		PRIMARY KEY (id), 
		FOREIGN KEY(user_id) REFERENCES users (tg_id) ON DELETE CASCADE, 
		FOREIGN KEY(item_id) REFERENCES items (id) ON DELETE CASCADE
	)
	
	
2024-11-23 17:27:15.697 +04 [12384] РћРЁРР‘РљРђ:  РІ С†РµР»РµРІРѕР№ РІРЅРµС€РЅРµР№ С‚Р°Р±Р»РёС†Рµ "users" РЅРµС‚ РѕРіСЂР°РЅРёС‡РµРЅРёСЏ СѓРЅРёРєР°Р»СЊРЅРѕСЃС‚Рё, СЃРѕРѕС‚РІРµС‚СЃС‚РІСѓСЋС‰РµРіРѕ РґР°РЅРЅС‹Рј РєР»СЋС‡Р°Рј
2024-11-23 17:27:15.697 +04 [12384] РћРџР•Р РђРўРћР :  
	CREATE TABLE cart (
		id SERIAL NOT NULL, 
		quantity INTEGER NOT NULL, 
		user_id BIGINT NOT NULL, 
		item_id INTEGER NOT NULL, 
		created TIMESTAMP WITHOUT TIME ZONE NOT NULL, 
		updated TIMESTAMP WITHOUT TIME ZONE NOT NULL, 
		PRIMARY KEY (id), 
		FOREIGN KEY(user_id) REFERENCES users (tg_id) ON DELETE CASCADE, 
		FOREIGN KEY(item_id) REFERENCES items (id) ON DELETE CASCADE
	)
	
	
2024-11-23 17:27:27.812 +04 [14416] СООБЩЕНИЕ:  начата контрольная точка: time
2024-11-23 17:27:36.598 +04 [14416] СООБЩЕНИЕ:  контрольная точка завершена: записано буферов: 80 (0.5%); добавлено файлов WAL 0, удалено: 0, переработано: 0; запись=8.717 сек., синхр.=0.048 сек., всего=8.788 сек.; синхронизировано_файлов=125, самая_долгая_синхр.=0.002 сек., средняя=0.001 сек.; расстояние=498 kB, ожидалось=811 kB; lsn=0/1FBA418, lsn redo=0/1F764C0
2024-11-23 17:32:27.600 +04 [14416] СООБЩЕНИЕ:  начата контрольная точка: time
2024-11-23 17:32:37.987 +04 [14416] СООБЩЕНИЕ:  контрольная точка завершена: записано буферов: 96 (0.6%); добавлено файлов WAL 0, удалено: 0, переработано: 0; запись=10.335 сек., синхр.=0.042 сек., всего=10.388 сек.; синхронизировано_файлов=41, самая_долгая_синхр.=0.005 сек., средняя=0.002 сек.; расстояние=461 kB, ожидалось=776 kB; lsn=0/1FEA1E0, lsn redo=0/1FE9C50
2024-11-23 17:37:27.996 +04 [14416] СООБЩЕНИЕ:  начата контрольная точка: time
2024-11-23 17:37:28.563 +04 [14416] СООБЩЕНИЕ:  контрольная точка завершена: записано буферов: 6 (0.0%); добавлено файлов WAL 0, удалено: 0, переработано: 0; запись=0.546 сек., синхр.=0.010 сек., всего=0.568 сек.; синхронизировано_файлов=6, самая_долгая_синхр.=0.005 сек., средняя=0.002 сек.; расстояние=3 kB, ожидалось=698 kB; lsn=0/1FEA998, lsn redo=0/1FEA940
2024-11-23 17:42:27.568 +04 [14416] СООБЩЕНИЕ:  начата контрольная точка: time
2024-11-23 17:42:29.358 +04 [14416] СООБЩЕНИЕ:  контрольная точка завершена: записано буферов: 17 (0.1%); добавлено файлов WAL 0, удалено: 0, переработано: 0; запись=1.762 сек., синхр.=0.017 сек., всего=1.790 сек.; синхронизировано_файлов=14, самая_долгая_синхр.=0.005 сек., средняя=0.002 сек.; расстояние=3 kB, ожидалось=629 kB; lsn=0/1FEB5D8, lsn redo=0/1FEB580
2024-11-23 21:22:27.713 +04 [14416] СООБЩЕНИЕ:  начата контрольная точка: time
2024-11-23 21:22:28.060 +04 [14416] СООБЩЕНИЕ:  контрольная точка завершена: записано буферов: 3 (0.0%); добавлено файлов WAL 0, удалено: 0, переработано: 0; запись=0.323 сек., синхр.=0.010 сек., всего=0.348 сек.; синхронизировано_файлов=1, самая_долгая_синхр.=0.010 сек., средняя=0.010 сек.; расстояние=12 kB, ожидалось=567 kB; lsn=0/1FEE5D8, lsn redo=0/1FEE580
2024-11-23 21:32:38.969 +04 [11200] РћРЁРР‘РљРђ:  Р·РЅР°С‡РµРЅРёРµ NULL РІ СЃС‚РѕР»Р±С†Рµ "item_id" РѕС‚РЅРѕС€РµРЅРёСЏ "cart" РЅР°СЂСѓС€Р°РµС‚ РѕРіСЂР°РЅРёС‡РµРЅРёРµ NOT NULL
2024-11-23 21:32:38.969 +04 [11200] РџРћР”Р РћР‘РќРћРЎРўР:  РћС€РёР±РѕС‡РЅР°СЏ СЃС‚СЂРѕРєР° СЃРѕРґРµСЂР¶РёС‚ (4, 1, 1337124773, null, 2024-11-23 21:32:38.964176, 2024-11-23 21:32:38.964176).
2024-11-23 21:32:38.969 +04 [11200] РћРџР•Р РђРўРћР :  INSERT INTO cart (quantity, user_id, item_id, created, updated) VALUES ($1::INTEGER, $2::BIGINT, $3::INTEGER, now(), now()) RETURNING cart.id, cart.created, cart.updated
2024-11-23 21:37:27.080 +04 [14416] СООБЩЕНИЕ:  начата контрольная точка: time
2024-11-23 21:37:27.757 +04 [14416] СООБЩЕНИЕ:  контрольная точка завершена: записано буферов: 7 (0.0%); добавлено файлов WAL 0, удалено: 0, переработано: 0; запись=0.659 сек., синхр.=0.007 сек., всего=0.677 сек.; синхронизировано_файлов=7, самая_долгая_синхр.=0.002 сек., средняя=0.001 сек.; расстояние=3 kB, ожидалось=511 kB; lsn=0/1FEF530, lsn redo=0/1FEF4D8
2024-11-23 21:42:27.760 +04 [14416] СООБЩЕНИЕ:  начата контрольная точка: time
2024-11-23 21:42:28.425 +04 [14416] СООБЩЕНИЕ:  контрольная точка завершена: записано буферов: 7 (0.0%); добавлено файлов WAL 0, удалено: 0, переработано: 0; запись=0.648 сек., синхр.=0.010 сек., всего=0.666 сек.; синхронизировано_файлов=7, самая_долгая_синхр.=0.005 сек., средняя=0.002 сек.; расстояние=4 kB, ожидалось=460 kB; lsn=0/1FF0708, lsn redo=0/1FF06B0
2024-11-23 23:03:45.527 +04 [8796] ОШИБКА:  выполнение оператора отменено по запросу пользователя
2024-11-23 23:03:45.531 +04 [14416] СООБЩЕНИЕ:  выключение
2024-11-23 23:03:45.532 +04 [14416] СООБЩЕНИЕ:  начата контрольная точка: shutdown immediate
2024-11-23 23:03:45.540 +04 [14416] СООБЩЕНИЕ:  контрольная точка завершена: записано буферов: 0 (0.0%); добавлено файлов WAL 0, удалено: 0, переработано: 0; запись=0.001 сек., синхр.=0.001 сек., всего=0.010 сек.; синхронизировано_файлов=0, самая_долгая_синхр.=0.000 сек., средняя=0.000 сек.; расстояние=0 kB, ожидалось=414 kB; lsn=0/1FF07B8, lsn redo=0/1FF07B8
