2024-11-18 02:32:54.384 +04 [8572] СООБЩЕНИЕ:  система БД была выключена: 2024-11-18 02:32:48 +04
2024-11-18 02:37:54.385 +04 [14416] СООБЩЕНИЕ:  начата контрольная точка: time
2024-11-18 02:37:59.190 +04 [14416] СООБЩЕНИЕ:  контрольная точка завершена: записано буферов: 48 (0.3%); добавлено файлов WAL 0, удалено: 0, переработано: 0; запись=4.786 сек., синхр.=0.013 сек., всего=4.807 сек.; синхронизировано_файлов=11, самая_долгая_синхр.=0.005 сек., средняя=0.002 сек.; расстояние=287 kB, ожидалось=287 kB; lsn=0/15B0EF8, lsn redo=0/15B0EA0
2024-11-18 02:45:26.260 +04 [9704] РЎРћРћР‘Р©Р•РќРР•:  РЅРµ СѓРґР°Р»РѕСЃСЊ РїРѕР»СѓС‡РёС‚СЊ РґР°РЅРЅС‹Рµ РѕС‚ РєР»РёРµРЅС‚Р°: An existing connection was forcibly closed by the remote host.
	
2024-11-18 02:47:54.203 +04 [14416] СООБЩЕНИЕ:  начата контрольная точка: time
2024-11-18 02:49:39.997 +04 [14416] СООБЩЕНИЕ:  контрольная точка завершена: записано буферов: 981 (6.0%); добавлено файлов WAL 0, удалено: 0, переработано: 0; запись=105.536 сек., синхр.=0.251 сек., всего=105.795 сек.; синхронизировано_файлов=308, самая_долгая_синхр.=0.005 сек., средняя=0.001 сек.; расстояние=4535 kB, ожидалось=4535 kB; lsn=0/1A1EC98, lsn redo=0/1A1EC08
2024-11-18 02:58:23.096 +04 [2224] РЎРћРћР‘Р©Р•РќРР•:  РЅРµ СѓРґР°Р»РѕСЃСЊ РїРѕР»СѓС‡РёС‚СЊ РґР°РЅРЅС‹Рµ РѕС‚ РєР»РёРµРЅС‚Р°: An existing connection was forcibly closed by the remote host.
	
2024-11-18 02:58:23.096 +04 [17104] РЎРћРћР‘Р©Р•РќРР•:  РЅРµ СѓРґР°Р»РѕСЃСЊ РїРѕР»СѓС‡РёС‚СЊ РґР°РЅРЅС‹Рµ РѕС‚ РєР»РёРµРЅС‚Р°: An existing connection was forcibly closed by the remote host.
	
2024-11-18 16:31:28.313 +04 [14832] РћРЁРР‘РљРђ:  РЅРµРІРµСЂРЅР°СЏ РїРѕСЃР»РµРґРѕРІР°С‚РµР»СЊРЅРѕСЃС‚СЊ Р±Р°Р№С‚ РґР»СЏ РєРѕРґРёСЂРѕРІРєРё "UTF8": 0xd1 0xce
2024-11-18 16:31:28.313 +04 [14832] РћРџР•Р РђРўРћР :  /*pga4dash*/
	SELECT pg_read_file(pg_current_logfile(), 0, 1587);
	
2024-11-18 16:31:49.049 +04 [14416] СООБЩЕНИЕ:  начата контрольная точка: time
2024-11-18 16:31:56.725 +04 [14416] СООБЩЕНИЕ:  контрольная точка завершена: записано буферов: 71 (0.4%); добавлено файлов WAL 0, удалено: 0, переработано: 0; запись=7.630 сек., синхр.=0.040 сек., всего=7.677 сек.; синхронизировано_файлов=57, самая_долгая_синхр.=0.001 сек., средняя=0.001 сек.; расстояние=227 kB, ожидалось=4104 kB; lsn=0/1A57AF0, lsn redo=0/1A57A60
2024-11-18 16:36:49.728 +04 [14416] СООБЩЕНИЕ:  начата контрольная точка: time
2024-11-18 16:36:50.307 +04 [14416] СООБЩЕНИЕ:  контрольная точка завершена: записано буферов: 6 (0.0%); добавлено файлов WAL 0, удалено: 0, переработано: 0; запись=0.559 сек., синхр.=0.010 сек., всего=0.579 сек.; синхронизировано_файлов=5, самая_долгая_синхр.=0.006 сек., средняя=0.002 сек.; расстояние=0 kB, ожидалось=3694 kB; lsn=0/1A57DB8, lsn redo=0/1A57D60
2024-11-18 17:02:31.107 +04 [5024] РћРЁРР‘РљРђ:  СЃС‚РѕР»Р±РµС† categories.created РЅРµ СЃСѓС‰РµСЃС‚РІСѓРµС‚ (СЃРёРјРІРѕР» 40)
2024-11-18 17:02:31.107 +04 [5024] РћРџР•Р РђРўРћР :  SELECT categories.id, categories.name, categories.created, categories.updated 
	FROM categories
2024-11-18 17:05:11.006 +04 [14832] РЎРћРћР‘Р©Р•РќРР•:  РЅРµ СѓРґР°Р»РѕСЃСЊ РїРѕР»СѓС‡РёС‚СЊ РґР°РЅРЅС‹Рµ РѕС‚ РєР»РёРµРЅС‚Р°: An existing connection was forcibly closed by the remote host.
	
2024-11-18 17:05:11.006 +04 [12156] РЎРћРћР‘Р©Р•РќРР•:  РЅРµ СѓРґР°Р»РѕСЃСЊ РїРѕР»СѓС‡РёС‚СЊ РґР°РЅРЅС‹Рµ РѕС‚ РєР»РёРµРЅС‚Р°: An existing connection was forcibly closed by the remote host.
	
2024-11-18 17:09:42.783 +04 [12532] РћРЁРР‘РљРђ:  СЃС‚РѕР»Р±РµС† users.created РЅРµ СЃСѓС‰РµСЃС‚РІСѓРµС‚ (СЃРёРјРІРѕР» 55)
2024-11-18 17:09:42.783 +04 [12532] РћРџР•Р РђРўРћР :  SELECT users.id, users.tg_id, users.name, users.cart, users.created, users.updated 
	FROM users 
	WHERE users.tg_id = $1::BIGINT
2024-11-18 17:16:49.368 +04 [14416] СООБЩЕНИЕ:  начата контрольная точка: time
2024-11-18 17:16:56.011 +04 [14416] СООБЩЕНИЕ:  контрольная точка завершена: записано буферов: 63 (0.4%); добавлено файлов WAL 0, удалено: 0, переработано: 0; запись=6.590 сек., синхр.=0.042 сек., всего=6.643 сек.; синхронизировано_файлов=52, самая_долгая_синхр.=0.002 сек., средняя=0.001 сек.; расстояние=274 kB, ожидалось=3352 kB; lsn=0/1A9C728, lsn redo=0/1A9C6D0
2024-11-18 21:55:16.208 +04 [9356] РћРЁРР‘РљРђ:  РЅРµРІРµСЂРЅР°СЏ РїРѕСЃР»РµРґРѕРІР°С‚РµР»СЊРЅРѕСЃС‚СЊ Р±Р°Р№С‚ РґР»СЏ РєРѕРґРёСЂРѕРІРєРё "UTF8": 0xd1 0xce
2024-11-18 21:55:16.208 +04 [9356] РћРџР•Р РђРўРћР :  /*pga4dash*/
	SELECT pg_read_file(pg_current_logfile(), 0, 4197);
	
2024-11-18 21:56:20.968 +04 [9356] РћРЁРР‘РљРђ:  РЅРµРІРµСЂРЅР°СЏ РїРѕСЃР»РµРґРѕРІР°С‚РµР»СЊРЅРѕСЃС‚СЊ Р±Р°Р№С‚ РґР»СЏ РєРѕРґРёСЂРѕРІРєРё "UTF8": 0xd1 0xce
2024-11-18 21:56:20.968 +04 [9356] РћРџР•Р РђРўРћР :  /*pga4dash*/
	SELECT pg_read_file(pg_current_logfile(), 0, 4480);
	
2024-11-18 21:56:49.510 +04 [14416] СООБЩЕНИЕ:  начата контрольная точка: time
2024-11-18 21:56:54.774 +04 [14416] СООБЩЕНИЕ:  контрольная точка завершена: записано буферов: 49 (0.3%); добавлено файлов WAL 0, удалено: 0, переработано: 0; запись=5.212 сек., синхр.=0.041 сек., всего=5.265 сек.; синхронизировано_файлов=43, самая_долгая_синхр.=0.005 сек., средняя=0.001 сек.; расстояние=209 kB, ожидалось=3037 kB; lsn=0/1AD0EB8, lsn redo=0/1AD0E28
2024-11-18 21:58:10.003 +04 [10420] РћРЁРР‘РљРђ:  Р·РЅР°С‡РµРЅРёРµ NULL РІ СЃС‚РѕР»Р±С†Рµ "category_id" РѕС‚РЅРѕС€РµРЅРёСЏ "items" РЅР°СЂСѓС€Р°РµС‚ РѕРіСЂР°РЅРёС‡РµРЅРёРµ NOT NULL
2024-11-18 21:58:10.003 +04 [10420] РџРћР”Р РћР‘РќРћРЎРўР:  РћС€РёР±РѕС‡РЅР°СЏ СЃС‚СЂРѕРєР° СЃРѕРґРµСЂР¶РёС‚ (1, Watch 41, РљСЂСѓС‚С‹Рµ С‡Р°СЃС‹, 6999, AgACAgIAAxkBAAIIBGc7fyPTvCh5_vCZTzmHiEzC7HlbAAIf6zEbflDZSc7v5ItR..., null, 2024-11-18 21:58:10.00009, 2024-11-18 21:58:10.00009).
2024-11-18 21:58:10.003 +04 [10420] РћРџР•Р РђРўРћР :  INSERT INTO items (name, description, price, image, category_id, created, updated) VALUES ($1::VARCHAR, $2::VARCHAR, $3::FLOAT, $4::VARCHAR, $5::INTEGER, now(), now()) RETURNING items.id, items.created, items.updated
2024-11-18 22:01:49.783 +04 [14416] СООБЩЕНИЕ:  начата контрольная точка: time
2024-11-18 22:01:56.859 +04 [14416] СООБЩЕНИЕ:  контрольная точка завершена: записано буферов: 66 (0.4%); добавлено файлов WAL 0, удалено: 0, переработано: 0; запись=7.023 сек., синхр.=0.046 сек., всего=7.077 сек.; синхронизировано_файлов=47, самая_долгая_синхр.=0.005 сек., средняя=0.001 сек.; расстояние=273 kB, ожидалось=2761 kB; lsn=0/1B15390, lsn redo=0/1B15338
2024-11-18 22:06:49.866 +04 [14416] СООБЩЕНИЕ:  начата контрольная точка: time
2024-11-18 22:06:50.198 +04 [14416] СООБЩЕНИЕ:  контрольная точка завершена: записано буферов: 4 (0.0%); добавлено файлов WAL 0, удалено: 0, переработано: 0; запись=0.316 сек., синхр.=0.006 сек., всего=0.332 сек.; синхронизировано_файлов=4, самая_долгая_синхр.=0.002 сек., средняя=0.002 сек.; расстояние=1 kB, ожидалось=2485 kB; lsn=0/1B157B0, lsn redo=0/1B15758
2024-11-18 22:51:49.247 +04 [14416] СООБЩЕНИЕ:  начата контрольная точка: time
2024-11-18 22:51:49.599 +04 [14416] СООБЩЕНИЕ:  контрольная точка завершена: записано буферов: 3 (0.0%); добавлено файлов WAL 0, удалено: 0, переработано: 0; запись=0.335 сек., синхр.=0.005 сек., всего=0.352 сек.; синхронизировано_файлов=2, самая_долгая_синхр.=0.005 сек., средняя=0.003 сек.; расстояние=15 kB, ожидалось=2238 kB; lsn=0/1B19420, lsn redo=0/1B193C8
2024-11-18 23:06:49.635 +04 [14416] СООБЩЕНИЕ:  начата контрольная точка: time
2024-11-18 23:06:49.978 +04 [14416] СООБЩЕНИЕ:  контрольная точка завершена: записано буферов: 4 (0.0%); добавлено файлов WAL 0, удалено: 0, переработано: 0; запись=0.329 сек., синхр.=0.005 сек., всего=0.344 сек.; синхронизировано_файлов=4, самая_долгая_синхр.=0.002 сек., средняя=0.001 сек.; расстояние=1 kB, ожидалось=2014 kB; lsn=0/1B19958, lsn redo=0/1B198C8
2024-11-18 23:28:52.763 +04 [17572] РћРЁРР‘РљРђ:  РѕРїРµСЂР°С‚РѕСЂ РЅРµ СЃСѓС‰РµСЃС‚РІСѓРµС‚: integer = character varying (СЃРёРјРІРѕР» 151)
2024-11-18 23:28:52.763 +04 [17572] РџРћР”РЎРљРђР—РљРђ:  РћРїРµСЂР°С‚РѕСЂ СЃ РґР°РЅРЅС‹РјРё РёРјРµРЅРµРј Рё С‚РёРїР°РјРё Р°СЂРіСѓРјРµРЅС‚РѕРІ РЅРµ РЅР°Р№РґРµРЅ. Р’РѕР·РјРѕР¶РЅРѕ, РІР°Рј СЃР»РµРґСѓРµС‚ РґРѕР±Р°РІРёС‚СЊ СЏРІРЅС‹Рµ РїСЂРёРІРµРґРµРЅРёСЏ С‚РёРїРѕРІ.
2024-11-18 23:28:52.763 +04 [17572] РћРџР•Р РђРўРћР :  SELECT items.id, items.name, items.description, items.price, items.image, items.category_id, items.created, items.updated 
	FROM items 
	WHERE items.id = $1::VARCHAR
2024-11-18 23:31:50.014 +04 [14416] СООБЩЕНИЕ:  начата контрольная точка: time
2024-11-18 23:31:50.368 +04 [14416] СООБЩЕНИЕ:  контрольная точка завершена: записано буферов: 4 (0.0%); добавлено файлов WAL 0, удалено: 0, переработано: 0; запись=0.336 сек., синхр.=0.008 сек., всего=0.354 сек.; синхронизировано_файлов=4, самая_долгая_синхр.=0.005 сек., средняя=0.002 сек.; расстояние=1 kB, ожидалось=1813 kB; lsn=0/1B19FE0, lsn redo=0/1B19F88
2024-11-18 23:36:50.379 +04 [14416] СООБЩЕНИЕ:  начата контрольная точка: time
2024-11-18 23:36:50.715 +04 [14416] СООБЩЕНИЕ:  контрольная точка завершена: записано буферов: 4 (0.0%); добавлено файлов WAL 0, удалено: 0, переработано: 0; запись=0.325 сек., синхр.=0.005 сек., всего=0.336 сек.; синхронизировано_файлов=4, самая_долгая_синхр.=0.002 сек., средняя=0.002 сек.; расстояние=1 kB, ожидалось=1632 kB; lsn=0/1B1A6B8, lsn redo=0/1B1A660
2024-11-19 02:02:28.041 +04 [2884] РЎРћРћР‘Р©Р•РќРР•:  РЅРµ СѓРґР°Р»РѕСЃСЊ РїРѕР»СѓС‡РёС‚СЊ РґР°РЅРЅС‹Рµ РѕС‚ РєР»РёРµРЅС‚Р°: An existing connection was forcibly closed by the remote host.
	
2024-11-19 02:03:27.936 +04 [9356] РЎРћРћР‘Р©Р•РќРР•:  РЅРµ СѓРґР°Р»РѕСЃСЊ РїРѕР»СѓС‡РёС‚СЊ РґР°РЅРЅС‹Рµ РѕС‚ РєР»РёРµРЅС‚Р°: An existing connection was forcibly closed by the remote host.
	
2024-11-19 02:03:27.936 +04 [15384] РЎРћРћР‘Р©Р•РќРР•:  РЅРµ СѓРґР°Р»РѕСЃСЊ РїРѕР»СѓС‡РёС‚СЊ РґР°РЅРЅС‹Рµ РѕС‚ РєР»РёРµРЅС‚Р°: An existing connection was forcibly closed by the remote host.
	
2024-11-19 10:48:08.661 +04 [14416] СООБЩЕНИЕ:  начата контрольная точка: time
2024-11-19 10:48:09.014 +04 [14416] СООБЩЕНИЕ:  контрольная точка завершена: записано буферов: 4 (0.0%); добавлено файлов WAL 0, удалено: 0, переработано: 0; запись=0.336 сек., синхр.=0.008 сек., всего=0.355 сек.; синхронизировано_файлов=4, самая_долгая_синхр.=0.005 сек., средняя=0.002 сек.; расстояние=1 kB, ожидалось=1469 kB; lsn=0/1B1ADC8, lsn redo=0/1B1AD70
2024-11-19 15:04:39.258 +04 [14416] СООБЩЕНИЕ:  начата контрольная точка: time
2024-11-19 15:04:39.596 +04 [14416] СООБЩЕНИЕ:  контрольная точка завершена: записано буферов: 4 (0.0%); добавлено файлов WAL 0, удалено: 0, переработано: 0; запись=0.325 сек., синхр.=0.005 сек., всего=0.338 сек.; синхронизировано_файлов=4, самая_долгая_синхр.=0.002 сек., средняя=0.002 сек.; расстояние=2 kB, ожидалось=1322 kB; lsn=0/1B1B780, lsn redo=0/1B1B728
2024-11-19 19:09:40.054 +04 [14416] СООБЩЕНИЕ:  начата контрольная точка: time
2024-11-19 19:09:40.169 +04 [14416] СООБЩЕНИЕ:  контрольная точка завершена: записано буферов: 2 (0.0%); добавлено файлов WAL 0, удалено: 0, переработано: 0; запись=0.102 сек., синхр.=0.003 сек., всего=0.115 сек.; синхронизировано_файлов=2, самая_долгая_синхр.=0.002 сек., средняя=0.002 сек.; расстояние=2 kB, ожидалось=1190 kB; lsn=0/1B1BFA8, lsn redo=0/1B1BF50
2024-11-19 19:24:40.194 +04 [14416] СООБЩЕНИЕ:  начата контрольная точка: time
2024-11-19 19:24:40.307 +04 [14416] СООБЩЕНИЕ:  контрольная точка завершена: записано буферов: 2 (0.0%); добавлено файлов WAL 0, удалено: 0, переработано: 0; запись=0.103 сек., синхр.=0.003 сек., всего=0.113 сек.; синхронизировано_файлов=2, самая_долгая_синхр.=0.002 сек., средняя=0.002 сек.; расстояние=2 kB, ожидалось=1071 kB; lsn=0/1B1C820, lsn redo=0/1B1C7C8
